<?xml version="1.0" encoding="UTF-8"?>
<!-- Generated by org.testng.reporters.JUnitXMLReporter -->
<testsuite hostname="LAPTOP-VH2PFA2Q" ignored="0" name="EmployeeRestAPITest" tests="30" failures="0" timestamp="2021-06-17T09:53:26 IST" time="21.648" errors="0">
  <testcase name="checkContentEncoding" time="0.012" classname="com.employeeAPI.testCases.TC001_GET_ALL_Employees"/>
  <testcase name="checkContentLength" time="0.006" classname="com.employeeAPI.testCases.TC001_GET_ALL_Employees"/>
  <testcase name="checkContentType" time="0.012" classname="com.employeeAPI.testCases.TC001_GET_ALL_Employees"/>
  <testcase name="checkCookies" time="0.0" classname="com.employeeAPI.testCases.TC001_GET_ALL_Employees"/>
  <testcase name="checkResponseBody" time="0.022" classname="com.employeeAPI.testCases.TC001_GET_ALL_Employees"/>
  <testcase name="checkResponseTime" time="0.0" classname="com.employeeAPI.testCases.TC001_GET_ALL_Employees"/>
  <testcase name="checkServerType" time="0.0" classname="com.employeeAPI.testCases.TC001_GET_ALL_Employees"/>
  <testcase name="checkStatusCode" time="0.0" classname="com.employeeAPI.testCases.TC001_GET_ALL_Employees"/>
  <testcase name="checkStausLine" time="0.002" classname="com.employeeAPI.testCases.TC001_GET_ALL_Employees"/>
  <testcase name="checkContentLength" time="0.0" classname="com.employeeAPI.testCases.TC002_GET_Single_Employee"/>
  <testcase name="checkContentType" time="0.0" classname="com.employeeAPI.testCases.TC002_GET_Single_Employee"/>
  <testcase name="checkResponseBody" time="0.0" classname="com.employeeAPI.testCases.TC002_GET_Single_Employee"/>
  <testcase name="checkResponseTime" time="0.007" classname="com.employeeAPI.testCases.TC002_GET_Single_Employee"/>
  <testcase name="checkServerType" time="0.0" classname="com.employeeAPI.testCases.TC002_GET_Single_Employee"/>
  <testcase name="checkStatusCode" time="0.0" classname="com.employeeAPI.testCases.TC002_GET_Single_Employee"/>
  <testcase name="checkStausLine" time="0.008" classname="com.employeeAPI.testCases.TC002_GET_Single_Employee"/>
  <testcase name="checkContentType" time="0.003" classname="com.employeeAPI.testCases.TC003_POST_Employee_Record"/>
  <testcase name="checkResponseBody" time="0.0" classname="com.employeeAPI.testCases.TC003_POST_Employee_Record"/>
  <testcase name="checkServerType" time="0.0" classname="com.employeeAPI.testCases.TC003_POST_Employee_Record"/>
  <testcase name="checkStatusCode" time="0.0" classname="com.employeeAPI.testCases.TC003_POST_Employee_Record"/>
  <testcase name="checkStausLine" time="0.0" classname="com.employeeAPI.testCases.TC003_POST_Employee_Record"/>
  <testcase name="checkContentType" time="0.004" classname="com.employeeAPI.testCases.TC004_PUT_Employee_Record"/>
  <testcase name="checkResponseBody" time="0.004" classname="com.employeeAPI.testCases.TC004_PUT_Employee_Record"/>
  <testcase name="checkServerType" time="0.0" classname="com.employeeAPI.testCases.TC004_PUT_Employee_Record"/>
  <testcase name="checkStatusCode" time="0.0" classname="com.employeeAPI.testCases.TC004_PUT_Employee_Record"/>
  <testcase name="checkStausLine" time="0.0" classname="com.employeeAPI.testCases.TC004_PUT_Employee_Record"/>
  <testcase name="checkResponseBody" time="0.004" classname="com.employeeAPI.testCases.TC005_DEL_Employee_Record"/>
  <testcase name="checkServerType" time="0.0" classname="com.employeeAPI.testCases.TC005_DEL_Employee_Record"/>
  <testcase name="checkStatusCode" time="0.0" classname="com.employeeAPI.testCases.TC005_DEL_Employee_Record"/>
  <testcase name="checkStausLine" time="0.008" classname="com.employeeAPI.testCases.TC005_DEL_Employee_Record"/>
</testsuite> <!-- EmployeeRestAPITest -->
