<?xml version="1.0" encoding="UTF-8"?>
<testng-results skipped="0" failed="0" ignored="0" total="30" passed="30">
  <reporter-output>
  </reporter-output>
  <suite name="EmployeesRestAPISuite" duration-ms="21648" started-at="2021-06-17T09:53:04 IST" finished-at="2021-06-17T09:53:26 IST">
    <groups>
    </groups>
    <test name="EmployeeRestAPITest" duration-ms="21648" started-at="2021-06-17T09:53:04 IST" finished-at="2021-06-17T09:53:26 IST">
      <class name="com.employeeAPI.testCases.TC004_PUT_Employee_Record">
        <test-method status="PASS" signature="setup()[pri:0, instance:com.employeeAPI.testCases.TC004_PUT_Employee_Record@63440df3]" name="setup" is-config="true" duration-ms="5" started-at="2021-06-17T09:53:16 IST" finished-at="2021-06-17T09:53:16 IST">
          <reporter-output>
          </reporter-output>
        </test-method> <!-- setup -->
        <test-method status="PASS" signature="updateEmployee()[pri:0, instance:com.employeeAPI.testCases.TC004_PUT_Employee_Record@63440df3]" name="updateEmployee" is-config="true" duration-ms="5093" started-at="2021-06-17T09:53:16 IST" finished-at="2021-06-17T09:53:21 IST">
          <reporter-output>
          </reporter-output>
        </test-method> <!-- updateEmployee -->
        <test-method status="PASS" signature="checkContentType()[pri:0, instance:com.employeeAPI.testCases.TC004_PUT_Employee_Record@63440df3]" name="checkContentType" duration-ms="4" started-at="2021-06-17T09:53:21 IST" finished-at="2021-06-17T09:53:21 IST">
          <reporter-output>
          </reporter-output>
        </test-method> <!-- checkContentType -->
        <test-method status="PASS" signature="checkResponseBody()[pri:0, instance:com.employeeAPI.testCases.TC004_PUT_Employee_Record@63440df3]" name="checkResponseBody" duration-ms="4" started-at="2021-06-17T09:53:21 IST" finished-at="2021-06-17T09:53:21 IST">
          <reporter-output>
          </reporter-output>
        </test-method> <!-- checkResponseBody -->
        <test-method status="PASS" signature="checkServerType()[pri:0, instance:com.employeeAPI.testCases.TC004_PUT_Employee_Record@63440df3]" name="checkServerType" duration-ms="0" started-at="2021-06-17T09:53:21 IST" finished-at="2021-06-17T09:53:21 IST">
          <reporter-output>
          </reporter-output>
        </test-method> <!-- checkServerType -->
        <test-method status="PASS" signature="checkStatusCode()[pri:0, instance:com.employeeAPI.testCases.TC004_PUT_Employee_Record@63440df3]" name="checkStatusCode" duration-ms="0" started-at="2021-06-17T09:53:21 IST" finished-at="2021-06-17T09:53:21 IST">
          <reporter-output>
          </reporter-output>
        </test-method> <!-- checkStatusCode -->
        <test-method status="PASS" signature="checkStausLine()[pri:0, instance:com.employeeAPI.testCases.TC004_PUT_Employee_Record@63440df3]" name="checkStausLine" duration-ms="0" started-at="2021-06-17T09:53:21 IST" finished-at="2021-06-17T09:53:21 IST">
          <reporter-output>
          </reporter-output>
        </test-method> <!-- checkStausLine -->
        <test-method status="PASS" signature="tearDown()[pri:0, instance:com.employeeAPI.testCases.TC004_PUT_Employee_Record@63440df3]" name="tearDown" is-config="true" duration-ms="0" started-at="2021-06-17T09:53:21 IST" finished-at="2021-06-17T09:53:21 IST">
          <reporter-output>
          </reporter-output>
        </test-method> <!-- tearDown -->
      </class> <!-- com.employeeAPI.testCases.TC004_PUT_Employee_Record -->
      <class name="com.employeeAPI.testCases.TC005_DEL_Employee_Record">
        <test-method status="PASS" signature="setup()[pri:0, instance:com.employeeAPI.testCases.TC005_DEL_Employee_Record@76a3e297]" name="setup" is-config="true" duration-ms="0" started-at="2021-06-17T09:53:21 IST" finished-at="2021-06-17T09:53:21 IST">
          <reporter-output>
          </reporter-output>
        </test-method> <!-- setup -->
        <test-method status="PASS" signature="deleteEmployee()[pri:0, instance:com.employeeAPI.testCases.TC005_DEL_Employee_Record@76a3e297]" name="deleteEmployee" is-config="true" duration-ms="5060" started-at="2021-06-17T09:53:21 IST" finished-at="2021-06-17T09:53:26 IST">
          <reporter-output>
          </reporter-output>
        </test-method> <!-- deleteEmployee -->
        <test-method status="PASS" signature="checkResponseBody()[pri:0, instance:com.employeeAPI.testCases.TC005_DEL_Employee_Record@76a3e297]" name="checkResponseBody" duration-ms="4" started-at="2021-06-17T09:53:26 IST" finished-at="2021-06-17T09:53:26 IST">
          <reporter-output>
          </reporter-output>
        </test-method> <!-- checkResponseBody -->
        <test-method status="PASS" signature="checkStausLine()[pri:0, instance:com.employeeAPI.testCases.TC005_DEL_Employee_Record@76a3e297]" name="checkStausLine" duration-ms="8" started-at="2021-06-17T09:53:26 IST" finished-at="2021-06-17T09:53:26 IST">
          <reporter-output>
          </reporter-output>
        </test-method> <!-- checkStausLine -->
        <test-method status="PASS" signature="checkStatusCode()[pri:0, instance:com.employeeAPI.testCases.TC005_DEL_Employee_Record@76a3e297]" name="checkStatusCode" duration-ms="0" started-at="2021-06-17T09:53:26 IST" finished-at="2021-06-17T09:53:26 IST">
          <reporter-output>
          </reporter-output>
        </test-method> <!-- checkStatusCode -->
        <test-method status="PASS" signature="checkServerType()[pri:0, instance:com.employeeAPI.testCases.TC005_DEL_Employee_Record@76a3e297]" name="checkServerType" duration-ms="0" started-at="2021-06-17T09:53:26 IST" finished-at="2021-06-17T09:53:26 IST">
          <reporter-output>
          </reporter-output>
        </test-method> <!-- checkServerType -->
        <test-method status="PASS" signature="tearDown()[pri:0, instance:com.employeeAPI.testCases.TC005_DEL_Employee_Record@76a3e297]" name="tearDown" is-config="true" duration-ms="0" started-at="2021-06-17T09:53:26 IST" finished-at="2021-06-17T09:53:26 IST">
          <reporter-output>
          </reporter-output>
        </test-method> <!-- tearDown -->
      </class> <!-- com.employeeAPI.testCases.TC005_DEL_Employee_Record -->
      <class name="com.employeeAPI.testCases.TC003_POST_Employee_Record">
        <test-method status="PASS" signature="setup()[pri:0, instance:com.employeeAPI.testCases.TC003_POST_Employee_Record@a38d7a3]" name="setup" is-config="true" duration-ms="0" started-at="2021-06-17T09:53:11 IST" finished-at="2021-06-17T09:53:11 IST">
          <reporter-output>
          </reporter-output>
        </test-method> <!-- setup -->
        <test-method status="PASS" signature="createEmployee()[pri:0, instance:com.employeeAPI.testCases.TC003_POST_Employee_Record@a38d7a3]" name="createEmployee" is-config="true" duration-ms="4931" started-at="2021-06-17T09:53:11 IST" finished-at="2021-06-17T09:53:16 IST">
          <reporter-output>
          </reporter-output>
        </test-method> <!-- createEmployee -->
        <test-method status="PASS" signature="checkContentType()[pri:0, instance:com.employeeAPI.testCases.TC003_POST_Employee_Record@a38d7a3]" name="checkContentType" duration-ms="3" started-at="2021-06-17T09:53:16 IST" finished-at="2021-06-17T09:53:16 IST">
          <reporter-output>
          </reporter-output>
        </test-method> <!-- checkContentType -->
        <test-method status="PASS" signature="checkResponseBody()[pri:0, instance:com.employeeAPI.testCases.TC003_POST_Employee_Record@a38d7a3]" name="checkResponseBody" duration-ms="0" started-at="2021-06-17T09:53:16 IST" finished-at="2021-06-17T09:53:16 IST">
          <reporter-output>
          </reporter-output>
        </test-method> <!-- checkResponseBody -->
        <test-method status="PASS" signature="checkServerType()[pri:0, instance:com.employeeAPI.testCases.TC003_POST_Employee_Record@a38d7a3]" name="checkServerType" duration-ms="0" started-at="2021-06-17T09:53:16 IST" finished-at="2021-06-17T09:53:16 IST">
          <reporter-output>
          </reporter-output>
        </test-method> <!-- checkServerType -->
        <test-method status="PASS" signature="checkStatusCode()[pri:0, instance:com.employeeAPI.testCases.TC003_POST_Employee_Record@a38d7a3]" name="checkStatusCode" duration-ms="0" started-at="2021-06-17T09:53:16 IST" finished-at="2021-06-17T09:53:16 IST">
          <reporter-output>
          </reporter-output>
        </test-method> <!-- checkStatusCode -->
        <test-method status="PASS" signature="checkStausLine()[pri:0, instance:com.employeeAPI.testCases.TC003_POST_Employee_Record@a38d7a3]" name="checkStausLine" duration-ms="0" started-at="2021-06-17T09:53:16 IST" finished-at="2021-06-17T09:53:16 IST">
          <reporter-output>
          </reporter-output>
        </test-method> <!-- checkStausLine -->
        <test-method status="PASS" signature="tearDown()[pri:0, instance:com.employeeAPI.testCases.TC003_POST_Employee_Record@a38d7a3]" name="tearDown" is-config="true" duration-ms="0" started-at="2021-06-17T09:53:16 IST" finished-at="2021-06-17T09:53:16 IST">
          <reporter-output>
          </reporter-output>
        </test-method> <!-- tearDown -->
      </class> <!-- com.employeeAPI.testCases.TC003_POST_Employee_Record -->
      <class name="com.employeeAPI.testCases.TC001_GET_ALL_Employees">
        <test-method status="PASS" signature="setup()[pri:0, instance:com.employeeAPI.testCases.TC001_GET_ALL_Employees@670b40af]" name="setup" is-config="true" duration-ms="32" started-at="2021-06-17T09:53:04 IST" finished-at="2021-06-17T09:53:04 IST">
          <reporter-output>
          </reporter-output>
        </test-method> <!-- setup -->
        <test-method status="PASS" signature="getAllEmployees()[pri:0, instance:com.employeeAPI.testCases.TC001_GET_ALL_Employees@670b40af]" name="getAllEmployees" is-config="true" duration-ms="2183" started-at="2021-06-17T09:53:04 IST" finished-at="2021-06-17T09:53:06 IST">
          <reporter-output>
          </reporter-output>
        </test-method> <!-- getAllEmployees -->
        <test-method status="PASS" signature="checkContentEncoding()[pri:0, instance:com.employeeAPI.testCases.TC001_GET_ALL_Employees@670b40af]" name="checkContentEncoding" duration-ms="12" started-at="2021-06-17T09:53:06 IST" finished-at="2021-06-17T09:53:06 IST">
          <reporter-output>
          </reporter-output>
        </test-method> <!-- checkContentEncoding -->
        <test-method status="PASS" signature="checkContentLength()[pri:0, instance:com.employeeAPI.testCases.TC001_GET_ALL_Employees@670b40af]" name="checkContentLength" duration-ms="6" started-at="2021-06-17T09:53:07 IST" finished-at="2021-06-17T09:53:07 IST">
          <reporter-output>
          </reporter-output>
        </test-method> <!-- checkContentLength -->
        <test-method status="PASS" signature="checkContentType()[pri:0, instance:com.employeeAPI.testCases.TC001_GET_ALL_Employees@670b40af]" name="checkContentType" duration-ms="12" started-at="2021-06-17T09:53:07 IST" finished-at="2021-06-17T09:53:07 IST">
          <reporter-output>
          </reporter-output>
        </test-method> <!-- checkContentType -->
        <test-method status="PASS" signature="checkResponseBody()[pri:0, instance:com.employeeAPI.testCases.TC001_GET_ALL_Employees@670b40af]" name="checkResponseBody" duration-ms="22" started-at="2021-06-17T09:53:07 IST" finished-at="2021-06-17T09:53:07 IST">
          <reporter-output>
          </reporter-output>
        </test-method> <!-- checkResponseBody -->
        <test-method status="PASS" signature="checkCookies()[pri:0, instance:com.employeeAPI.testCases.TC001_GET_ALL_Employees@670b40af]" name="checkCookies" duration-ms="0" started-at="2021-06-17T09:53:07 IST" finished-at="2021-06-17T09:53:07 IST">
          <reporter-output>
          </reporter-output>
        </test-method> <!-- checkCookies -->
        <test-method status="PASS" signature="checkStatusCode()[pri:0, instance:com.employeeAPI.testCases.TC001_GET_ALL_Employees@670b40af]" name="checkStatusCode" duration-ms="0" started-at="2021-06-17T09:53:07 IST" finished-at="2021-06-17T09:53:07 IST">
          <reporter-output>
          </reporter-output>
        </test-method> <!-- checkStatusCode -->
        <test-method status="PASS" signature="checkServerType()[pri:0, instance:com.employeeAPI.testCases.TC001_GET_ALL_Employees@670b40af]" name="checkServerType" duration-ms="0" started-at="2021-06-17T09:53:07 IST" finished-at="2021-06-17T09:53:07 IST">
          <reporter-output>
          </reporter-output>
        </test-method> <!-- checkServerType -->
        <test-method status="PASS" signature="checkResponseTime()[pri:0, instance:com.employeeAPI.testCases.TC001_GET_ALL_Employees@670b40af]" name="checkResponseTime" duration-ms="0" started-at="2021-06-17T09:53:07 IST" finished-at="2021-06-17T09:53:07 IST">
          <reporter-output>
          </reporter-output>
        </test-method> <!-- checkResponseTime -->
        <test-method status="PASS" signature="checkStausLine()[pri:0, instance:com.employeeAPI.testCases.TC001_GET_ALL_Employees@670b40af]" name="checkStausLine" duration-ms="2" started-at="2021-06-17T09:53:07 IST" finished-at="2021-06-17T09:53:07 IST">
          <reporter-output>
          </reporter-output>
        </test-method> <!-- checkStausLine -->
        <test-method status="PASS" signature="tearDown()[pri:0, instance:com.employeeAPI.testCases.TC001_GET_ALL_Employees@670b40af]" name="tearDown" is-config="true" duration-ms="0" started-at="2021-06-17T09:53:07 IST" finished-at="2021-06-17T09:53:07 IST">
          <reporter-output>
          </reporter-output>
        </test-method> <!-- tearDown -->
      </class> <!-- com.employeeAPI.testCases.TC001_GET_ALL_Employees -->
      <class name="com.employeeAPI.testCases.TC002_GET_Single_Employee">
        <test-method status="PASS" signature="setup()[pri:0, instance:com.employeeAPI.testCases.TC002_GET_Single_Employee@371a67ec]" name="setup" is-config="true" duration-ms="6" started-at="2021-06-17T09:53:07 IST" finished-at="2021-06-17T09:53:07 IST">
          <reporter-output>
          </reporter-output>
        </test-method> <!-- setup -->
        <test-method status="PASS" signature="getAllEmployees()[pri:0, instance:com.employeeAPI.testCases.TC002_GET_Single_Employee@371a67ec]" name="getAllEmployees" is-config="true" duration-ms="4072" started-at="2021-06-17T09:53:07 IST" finished-at="2021-06-17T09:53:11 IST">
          <reporter-output>
          </reporter-output>
        </test-method> <!-- getAllEmployees -->
        <test-method status="PASS" signature="checkContentLength()[pri:0, instance:com.employeeAPI.testCases.TC002_GET_Single_Employee@371a67ec]" name="checkContentLength" duration-ms="0" started-at="2021-06-17T09:53:11 IST" finished-at="2021-06-17T09:53:11 IST">
          <reporter-output>
          </reporter-output>
        </test-method> <!-- checkContentLength -->
        <test-method status="PASS" signature="checkResponseTime()[pri:0, instance:com.employeeAPI.testCases.TC002_GET_Single_Employee@371a67ec]" name="checkResponseTime" duration-ms="7" started-at="2021-06-17T09:53:11 IST" finished-at="2021-06-17T09:53:11 IST">
          <reporter-output>
          </reporter-output>
        </test-method> <!-- checkResponseTime -->
        <test-method status="PASS" signature="checkResponseBody()[pri:0, instance:com.employeeAPI.testCases.TC002_GET_Single_Employee@371a67ec]" name="checkResponseBody" duration-ms="0" started-at="2021-06-17T09:53:11 IST" finished-at="2021-06-17T09:53:11 IST">
          <reporter-output>
          </reporter-output>
        </test-method> <!-- checkResponseBody -->
        <test-method status="PASS" signature="checkContentType()[pri:0, instance:com.employeeAPI.testCases.TC002_GET_Single_Employee@371a67ec]" name="checkContentType" duration-ms="0" started-at="2021-06-17T09:53:11 IST" finished-at="2021-06-17T09:53:11 IST">
          <reporter-output>
          </reporter-output>
        </test-method> <!-- checkContentType -->
        <test-method status="PASS" signature="checkStatusCode()[pri:0, instance:com.employeeAPI.testCases.TC002_GET_Single_Employee@371a67ec]" name="checkStatusCode" duration-ms="0" started-at="2021-06-17T09:53:11 IST" finished-at="2021-06-17T09:53:11 IST">
          <reporter-output>
          </reporter-output>
        </test-method> <!-- checkStatusCode -->
        <test-method status="PASS" signature="checkStausLine()[pri:0, instance:com.employeeAPI.testCases.TC002_GET_Single_Employee@371a67ec]" name="checkStausLine" duration-ms="8" started-at="2021-06-17T09:53:11 IST" finished-at="2021-06-17T09:53:11 IST">
          <reporter-output>
          </reporter-output>
        </test-method> <!-- checkStausLine -->
        <test-method status="PASS" signature="checkServerType()[pri:0, instance:com.employeeAPI.testCases.TC002_GET_Single_Employee@371a67ec]" name="checkServerType" duration-ms="0" started-at="2021-06-17T09:53:11 IST" finished-at="2021-06-17T09:53:11 IST">
          <reporter-output>
          </reporter-output>
        </test-method> <!-- checkServerType -->
        <test-method status="PASS" signature="tearDown()[pri:0, instance:com.employeeAPI.testCases.TC002_GET_Single_Employee@371a67ec]" name="tearDown" is-config="true" duration-ms="0" started-at="2021-06-17T09:53:11 IST" finished-at="2021-06-17T09:53:11 IST">
          <reporter-output>
          </reporter-output>
        </test-method> <!-- tearDown -->
      </class> <!-- com.employeeAPI.testCases.TC002_GET_Single_Employee -->
    </test> <!-- EmployeeRestAPITest -->
  </suite> <!-- EmployeesRestAPISuite -->
</testng-results>
