<?xml version="1.0" encoding="UTF-8"?>
<!-- Generated by org.testng.reporters.JUnitXMLReporter -->
<testsuite hostname="LAPTOP-VH2PFA2Q" ignored="0" name="Default test" tests="4" failures="0" timestamp="2021-06-15T22:40:51 IST" time="7.142" errors="0">
  <testcase name="checkResponseBody" time="0.016" classname="com.employeeAPI.testCases.TC005_DEL_Employee_Record"/>
  <testcase name="checkServerType" time="0.003" classname="com.employeeAPI.testCases.TC005_DEL_Employee_Record"/>
  <testcase name="checkStatusCode" time="0.001" classname="com.employeeAPI.testCases.TC005_DEL_Employee_Record"/>
  <testcase name="checkStausLine" time="0.003" classname="com.employeeAPI.testCases.TC005_DEL_Employee_Record"/>
</testsuite> <!-- Default test -->
